2025-05-10T00:02:23.234+08:00  INFO 13464 --- [GraduationProject] [main] c.h.g.GraduationProjectApplication       : Starting GraduationProjectApplication using Java 21.0.2 with PID 13464 (D:\workspace\GP\GraduationProject\target\classes started by Hanlcnb in D:\workspace\GP\GraduationProject)
2025-05-10T00:02:23.245+08:00 DEBUG 13464 --- [GraduationProject] [main] c.h.g.GraduationProjectApplication       : Running with Spring Boot v3.2.3, Spring v6.1.4
2025-05-10T00:02:23.246+08:00  INFO 13464 --- [GraduationProject] [main] c.h.g.GraduationProjectApplication       : No active profile set, falling back to 1 default profile: "default"
2025-05-10T00:02:24.183+08:00  INFO 13464 --- [GraduationProject] [main] .s.d.r.c.RepositoryConfigurationDelegate : Multiple Spring Data modules found, entering strict repository configuration mode
2025-05-10T00:02:24.189+08:00  INFO 13464 --- [GraduationProject] [main] .s.d.r.c.RepositoryConfigurationDelegate : Bootstrapping Spring Data Redis repositories in DEFAULT mode.
2025-05-10T00:02:24.253+08:00  INFO 13464 --- [GraduationProject] [main] .s.d.r.c.RepositoryConfigurationDelegate : Finished Spring Data repository scanning in 38 ms. Found 0 Redis repository interfaces.
2025-05-10T00:02:24.909+08:00  INFO 13464 --- [GraduationProject] [main] o.s.b.w.embedded.tomcat.TomcatWebServer  : Tomcat initialized with port 8080 (http)
2025-05-10T00:02:24.919+08:00  INFO 13464 --- [GraduationProject] [main] o.apache.catalina.core.StandardService   : Starting service [Tomcat]
2025-05-10T00:02:24.919+08:00  INFO 13464 --- [GraduationProject] [main] o.apache.catalina.core.StandardEngine    : Starting Servlet engine: [Apache Tomcat/10.1.19]
2025-05-10T00:02:25.027+08:00  INFO 13464 --- [GraduationProject] [main] o.a.c.c.C.[Tomcat].[localhost].[/]       : Initializing Spring embedded WebApplicationContext
2025-05-10T00:02:25.028+08:00  INFO 13464 --- [GraduationProject] [main] w.s.c.ServletWebServerApplicationContext : Root WebApplicationContext: initialization completed in 1731 ms
2025-05-10T00:02:25.939+08:00  INFO 13464 --- [GraduationProject] [netty-websocket-server] c.h.g.netty.WebSocketServer              : WebSocket服务器启动成功，监听端口：8888
2025-05-10T00:02:26.412+08:00  INFO 13464 --- [GraduationProject] [main] o.s.b.w.embedded.tomcat.TomcatWebServer  : Tomcat started on port 8080 (http) with context path ''
2025-05-10T00:02:26.418+08:00  INFO 13464 --- [GraduationProject] [main] c.h.g.GraduationProjectApplication       : Started GraduationProjectApplication in 3.618 seconds (process running for 4.544)
2025-05-10T00:02:37.801+08:00  INFO 13464 --- [GraduationProject] [http-nio-8080-exec-1] o.a.c.c.C.[Tomcat].[localhost].[/]       : Initializing Spring DispatcherServlet 'dispatcherServlet'
2025-05-10T00:02:37.801+08:00  INFO 13464 --- [GraduationProject] [http-nio-8080-exec-1] o.s.web.servlet.DispatcherServlet        : Initializing Servlet 'dispatcherServlet'
2025-05-10T00:02:37.802+08:00  INFO 13464 --- [GraduationProject] [http-nio-8080-exec-1] o.s.web.servlet.DispatcherServlet        : Completed initialization in 1 ms
2025-05-10T00:02:38.442+08:00  INFO 13464 --- [GraduationProject] [http-nio-8080-exec-1] c.h.g.service.WxLoginService             : 微信登录响应: {"session_key":"fpuDMML9mhJSj1pq6ywHwA==","openid":"obsW266H9qCCXUtEscAk9WARsIEo"}
2025-05-10T00:02:38.492+08:00  INFO 13464 --- [GraduationProject] [http-nio-8080-exec-1] com.zaxxer.hikari.HikariDataSource       : HikariPool-1 - Starting...
2025-05-10T00:02:38.637+08:00  INFO 13464 --- [GraduationProject] [http-nio-8080-exec-1] com.zaxxer.hikari.pool.HikariPool        : HikariPool-1 - Added connection com.mysql.cj.jdbc.ConnectionImpl@7179dd33
2025-05-10T00:02:38.639+08:00  INFO 13464 --- [GraduationProject] [http-nio-8080-exec-1] com.zaxxer.hikari.HikariDataSource       : HikariPool-1 - Start completed.
2025-05-10T00:02:50.386+08:00 ERROR 13464 --- [GraduationProject] [http-nio-8080-exec-6] c.h.graduationproject.common.DetectFace  : 人脸验证失败

com.tencentcloudapi.common.exception.TencentCloudSDKException: 图片中没有人脸。
	at com.tencentcloudapi.common.AbstractClient.internalRequest(AbstractClient.java:439) ~[tencentcloud-sdk-java-3.1.791.jar:na]
	at com.tencentcloudapi.iai.v20200303.IaiClient.VerifyPerson(IaiClient.java:888) ~[tencentcloud-sdk-java-3.1.791.jar:na]
	at com.hanlc.graduationproject.common.DetectFace.verifyPerson(DetectFace.java:106) ~[classes/:na]
	at com.hanlc.graduationproject.controller.FaceController.verifyPerson(FaceController.java:54) ~[classes/:na]
	at java.base/jdk.internal.reflect.DirectMethodHandleAccessor.invoke(DirectMethodHandleAccessor.java:103) ~[na:na]
	at java.base/java.lang.reflect.Method.invoke(Method.java:580) ~[na:na]
	at org.springframework.web.method.support.InvocableHandlerMethod.doInvoke(InvocableHandlerMethod.java:259) ~[spring-web-6.1.4.jar:6.1.4]
	at org.springframework.web.method.support.InvocableHandlerMethod.invokeForRequest(InvocableHandlerMethod.java:192) ~[spring-web-6.1.4.jar:6.1.4]
	at org.springframework.web.servlet.mvc.method.annotation.ServletInvocableHandlerMethod.invokeAndHandle(ServletInvocableHandlerMethod.java:118) ~[spring-webmvc-6.1.4.jar:6.1.4]
	at org.springframework.web.servlet.mvc.method.annotation.RequestMappingHandlerAdapter.invokeHandlerMethod(RequestMappingHandlerAdapter.java:920) ~[spring-webmvc-6.1.4.jar:6.1.4]
	at org.springframework.web.servlet.mvc.method.annotation.RequestMappingHandlerAdapter.handleInternal(RequestMappingHandlerAdapter.java:830) ~[spring-webmvc-6.1.4.jar:6.1.4]
	at org.springframework.web.servlet.mvc.method.AbstractHandlerMethodAdapter.handle(AbstractHandlerMethodAdapter.java:87) ~[spring-webmvc-6.1.4.jar:6.1.4]
	at org.springframework.web.servlet.DispatcherServlet.doDispatch(DispatcherServlet.java:1089) ~[spring-webmvc-6.1.4.jar:6.1.4]
	at org.springframework.web.servlet.DispatcherServlet.doService(DispatcherServlet.java:979) ~[spring-webmvc-6.1.4.jar:6.1.4]
	at org.springframework.web.servlet.FrameworkServlet.processRequest(FrameworkServlet.java:1014) ~[spring-webmvc-6.1.4.jar:6.1.4]
	at org.springframework.web.servlet.FrameworkServlet.doPost(FrameworkServlet.java:914) ~[spring-webmvc-6.1.4.jar:6.1.4]
	at jakarta.servlet.http.HttpServlet.service(HttpServlet.java:590) ~[tomcat-embed-core-10.1.19.jar:6.0]
	at org.springframework.web.servlet.FrameworkServlet.service(FrameworkServlet.java:885) ~[spring-webmvc-6.1.4.jar:6.1.4]
	at jakarta.servlet.http.HttpServlet.service(HttpServlet.java:658) ~[tomcat-embed-core-10.1.19.jar:6.0]
	at org.apache.catalina.core.ApplicationFilterChain.internalDoFilter(ApplicationFilterChain.java:205) ~[tomcat-embed-core-10.1.19.jar:10.1.19]
	at org.apache.catalina.core.ApplicationFilterChain.doFilter(ApplicationFilterChain.java:149) ~[tomcat-embed-core-10.1.19.jar:10.1.19]
	at org.apache.tomcat.websocket.server.WsFilter.doFilter(WsFilter.java:51) ~[tomcat-embed-websocket-10.1.19.jar:10.1.19]
	at org.apache.catalina.core.ApplicationFilterChain.internalDoFilter(ApplicationFilterChain.java:174) ~[tomcat-embed-core-10.1.19.jar:10.1.19]
	at org.apache.catalina.core.ApplicationFilterChain.doFilter(ApplicationFilterChain.java:149) ~[tomcat-embed-core-10.1.19.jar:10.1.19]
	at org.springframework.web.filter.RequestContextFilter.doFilterInternal(RequestContextFilter.java:100) ~[spring-web-6.1.4.jar:6.1.4]
	at org.springframework.web.filter.OncePerRequestFilter.doFilter(OncePerRequestFilter.java:116) ~[spring-web-6.1.4.jar:6.1.4]
	at org.apache.catalina.core.ApplicationFilterChain.internalDoFilter(ApplicationFilterChain.java:174) ~[tomcat-embed-core-10.1.19.jar:10.1.19]
	at org.apache.catalina.core.ApplicationFilterChain.doFilter(ApplicationFilterChain.java:149) ~[tomcat-embed-core-10.1.19.jar:10.1.19]
	at org.springframework.web.filter.FormContentFilter.doFilterInternal(FormContentFilter.java:93) ~[spring-web-6.1.4.jar:6.1.4]
	at org.springframework.web.filter.OncePerRequestFilter.doFilter(OncePerRequestFilter.java:116) ~[spring-web-6.1.4.jar:6.1.4]
	at org.apache.catalina.core.ApplicationFilterChain.internalDoFilter(ApplicationFilterChain.java:174) ~[tomcat-embed-core-10.1.19.jar:10.1.19]
	at org.apache.catalina.core.ApplicationFilterChain.doFilter(ApplicationFilterChain.java:149) ~[tomcat-embed-core-10.1.19.jar:10.1.19]
	at org.springframework.web.filter.CharacterEncodingFilter.doFilterInternal(CharacterEncodingFilter.java:201) ~[spring-web-6.1.4.jar:6.1.4]
	at org.springframework.web.filter.OncePerRequestFilter.doFilter(OncePerRequestFilter.java:116) ~[spring-web-6.1.4.jar:6.1.4]
	at org.apache.catalina.core.ApplicationFilterChain.internalDoFilter(ApplicationFilterChain.java:174) ~[tomcat-embed-core-10.1.19.jar:10.1.19]
	at org.apache.catalina.core.ApplicationFilterChain.doFilter(ApplicationFilterChain.java:149) ~[tomcat-embed-core-10.1.19.jar:10.1.19]
	at org.apache.catalina.core.StandardWrapperValve.invoke(StandardWrapperValve.java:167) ~[tomcat-embed-core-10.1.19.jar:10.1.19]
	at org.apache.catalina.core.StandardContextValve.invoke(StandardContextValve.java:90) ~[tomcat-embed-core-10.1.19.jar:10.1.19]
	at org.apache.catalina.authenticator.AuthenticatorBase.invoke(AuthenticatorBase.java:482) ~[tomcat-embed-core-10.1.19.jar:10.1.19]
	at org.apache.catalina.core.StandardHostValve.invoke(StandardHostValve.java:115) ~[tomcat-embed-core-10.1.19.jar:10.1.19]
	at org.apache.catalina.valves.ErrorReportValve.invoke(ErrorReportValve.java:93) ~[tomcat-embed-core-10.1.19.jar:10.1.19]
	at org.apache.catalina.core.StandardEngineValve.invoke(StandardEngineValve.java:74) ~[tomcat-embed-core-10.1.19.jar:10.1.19]
	at org.apache.catalina.connector.CoyoteAdapter.service(CoyoteAdapter.java:344) ~[tomcat-embed-core-10.1.19.jar:10.1.19]
	at org.apache.coyote.http11.Http11Processor.service(Http11Processor.java:391) ~[tomcat-embed-core-10.1.19.jar:10.1.19]
	at org.apache.coyote.AbstractProcessorLight.process(AbstractProcessorLight.java:63) ~[tomcat-embed-core-10.1.19.jar:10.1.19]
	at org.apache.coyote.AbstractProtocol$ConnectionHandler.process(AbstractProtocol.java:896) ~[tomcat-embed-core-10.1.19.jar:10.1.19]
	at org.apache.tomcat.util.net.NioEndpoint$SocketProcessor.doRun(NioEndpoint.java:1744) ~[tomcat-embed-core-10.1.19.jar:10.1.19]
	at org.apache.tomcat.util.net.SocketProcessorBase.run(SocketProcessorBase.java:52) ~[tomcat-embed-core-10.1.19.jar:10.1.19]
	at org.apache.tomcat.util.threads.ThreadPoolExecutor.runWorker(ThreadPoolExecutor.java:1191) ~[tomcat-embed-core-10.1.19.jar:10.1.19]
	at org.apache.tomcat.util.threads.ThreadPoolExecutor$Worker.run(ThreadPoolExecutor.java:659) ~[tomcat-embed-core-10.1.19.jar:10.1.19]
	at org.apache.tomcat.util.threads.TaskThread$WrappingRunnable.run(TaskThread.java:63) ~[tomcat-embed-core-10.1.19.jar:10.1.19]
	at java.base/java.lang.Thread.run(Thread.java:1583) ~[na:na]

2025-05-10T02:22:12.591+08:00  INFO 19984 --- [GraduationProject] [main] c.h.g.GraduationProjectApplication       : Starting GraduationProjectApplication using Java 21.0.2 with PID 19984 (D:\workspace\GP\GraduationProject\target\classes started by Hanlcnb in D:\workspace\GP\GraduationProject)
2025-05-10T02:22:12.592+08:00 DEBUG 19984 --- [GraduationProject] [main] c.h.g.GraduationProjectApplication       : Running with Spring Boot v3.2.3, Spring v6.1.4
2025-05-10T02:22:12.593+08:00  INFO 19984 --- [GraduationProject] [main] c.h.g.GraduationProjectApplication       : No active profile set, falling back to 1 default profile: "default"
2025-05-10T02:22:13.329+08:00  INFO 19984 --- [GraduationProject] [main] .s.d.r.c.RepositoryConfigurationDelegate : Multiple Spring Data modules found, entering strict repository configuration mode
2025-05-10T02:22:13.332+08:00  INFO 19984 --- [GraduationProject] [main] .s.d.r.c.RepositoryConfigurationDelegate : Bootstrapping Spring Data Redis repositories in DEFAULT mode.
2025-05-10T02:22:13.370+08:00  INFO 19984 --- [GraduationProject] [main] .s.d.r.c.RepositoryConfigurationDelegate : Finished Spring Data repository scanning in 23 ms. Found 0 Redis repository interfaces.
2025-05-10T02:22:13.990+08:00  INFO 19984 --- [GraduationProject] [main] o.s.b.w.embedded.tomcat.TomcatWebServer  : Tomcat initialized with port 8080 (http)
2025-05-10T02:22:14.001+08:00  INFO 19984 --- [GraduationProject] [main] o.apache.catalina.core.StandardService   : Starting service [Tomcat]
2025-05-10T02:22:14.001+08:00  INFO 19984 --- [GraduationProject] [main] o.apache.catalina.core.StandardEngine    : Starting Servlet engine: [Apache Tomcat/10.1.19]
2025-05-10T02:22:14.121+08:00  INFO 19984 --- [GraduationProject] [main] o.a.c.c.C.[Tomcat].[localhost].[/]       : Initializing Spring embedded WebApplicationContext
2025-05-10T02:22:14.121+08:00  INFO 19984 --- [GraduationProject] [main] w.s.c.ServletWebServerApplicationContext : Root WebApplicationContext: initialization completed in 1480 ms
2025-05-10T02:22:15.026+08:00  INFO 19984 --- [GraduationProject] [netty-websocket-server] c.h.g.netty.WebSocketServer              : WebSocket服务器启动成功，监听端口：8888
2025-05-10T02:22:15.525+08:00  INFO 19984 --- [GraduationProject] [main] o.s.b.w.embedded.tomcat.TomcatWebServer  : Tomcat started on port 8080 (http) with context path ''
2025-05-10T02:22:15.530+08:00  INFO 19984 --- [GraduationProject] [main] c.h.g.GraduationProjectApplication       : Started GraduationProjectApplication in 3.322 seconds (process running for 4.331)
2025-05-10T02:24:26.390+08:00  INFO 19984 --- [GraduationProject] [http-nio-8080-exec-1] o.a.c.c.C.[Tomcat].[localhost].[/]       : Initializing Spring DispatcherServlet 'dispatcherServlet'
2025-05-10T02:24:26.390+08:00  INFO 19984 --- [GraduationProject] [http-nio-8080-exec-1] o.s.web.servlet.DispatcherServlet        : Initializing Servlet 'dispatcherServlet'
2025-05-10T02:24:26.391+08:00  INFO 19984 --- [GraduationProject] [http-nio-8080-exec-1] o.s.web.servlet.DispatcherServlet        : Completed initialization in 1 ms
2025-05-10T02:24:27.048+08:00  INFO 19984 --- [GraduationProject] [http-nio-8080-exec-1] c.h.g.service.WxLoginService             : 微信登录响应: {"session_key":"fpuDMML9mhJSj1pq6ywHwA==","openid":"obsW266H9qCCXUtEscAk9WARsIEo"}
2025-05-10T02:24:27.099+08:00  INFO 19984 --- [GraduationProject] [http-nio-8080-exec-1] com.zaxxer.hikari.HikariDataSource       : HikariPool-1 - Starting...
2025-05-10T02:24:27.241+08:00  INFO 19984 --- [GraduationProject] [http-nio-8080-exec-1] com.zaxxer.hikari.pool.HikariPool        : HikariPool-1 - Added connection com.mysql.cj.jdbc.ConnectionImpl@2c24983e
2025-05-10T02:24:27.243+08:00  INFO 19984 --- [GraduationProject] [http-nio-8080-exec-1] com.zaxxer.hikari.HikariDataSource       : HikariPool-1 - Start completed.
2025-05-10T02:25:31.461+08:00 ERROR 19984 --- [GraduationProject] [http-nio-8080-exec-10] c.h.graduationproject.common.DetectFace  : 人脸验证失败

com.tencentcloudapi.common.exception.TencentCloudSDKException: 图片中没有人脸。
	at com.tencentcloudapi.common.AbstractClient.internalRequest(AbstractClient.java:439) ~[tencentcloud-sdk-java-3.1.791.jar:na]
	at com.tencentcloudapi.iai.v20200303.IaiClient.VerifyPerson(IaiClient.java:888) ~[tencentcloud-sdk-java-3.1.791.jar:na]
	at com.hanlc.graduationproject.common.DetectFace.verifyPerson(DetectFace.java:106) ~[classes/:na]
	at com.hanlc.graduationproject.controller.FaceController.verifyPerson(FaceController.java:54) ~[classes/:na]
	at java.base/jdk.internal.reflect.DirectMethodHandleAccessor.invoke(DirectMethodHandleAccessor.java:103) ~[na:na]
	at java.base/java.lang.reflect.Method.invoke(Method.java:580) ~[na:na]
	at org.springframework.web.method.support.InvocableHandlerMethod.doInvoke(InvocableHandlerMethod.java:259) ~[spring-web-6.1.4.jar:6.1.4]
	at org.springframework.web.method.support.InvocableHandlerMethod.invokeForRequest(InvocableHandlerMethod.java:192) ~[spring-web-6.1.4.jar:6.1.4]
	at org.springframework.web.servlet.mvc.method.annotation.ServletInvocableHandlerMethod.invokeAndHandle(ServletInvocableHandlerMethod.java:118) ~[spring-webmvc-6.1.4.jar:6.1.4]
	at org.springframework.web.servlet.mvc.method.annotation.RequestMappingHandlerAdapter.invokeHandlerMethod(RequestMappingHandlerAdapter.java:920) ~[spring-webmvc-6.1.4.jar:6.1.4]
	at org.springframework.web.servlet.mvc.method.annotation.RequestMappingHandlerAdapter.handleInternal(RequestMappingHandlerAdapter.java:830) ~[spring-webmvc-6.1.4.jar:6.1.4]
	at org.springframework.web.servlet.mvc.method.AbstractHandlerMethodAdapter.handle(AbstractHandlerMethodAdapter.java:87) ~[spring-webmvc-6.1.4.jar:6.1.4]
	at org.springframework.web.servlet.DispatcherServlet.doDispatch(DispatcherServlet.java:1089) ~[spring-webmvc-6.1.4.jar:6.1.4]
	at org.springframework.web.servlet.DispatcherServlet.doService(DispatcherServlet.java:979) ~[spring-webmvc-6.1.4.jar:6.1.4]
	at org.springframework.web.servlet.FrameworkServlet.processRequest(FrameworkServlet.java:1014) ~[spring-webmvc-6.1.4.jar:6.1.4]
	at org.springframework.web.servlet.FrameworkServlet.doPost(FrameworkServlet.java:914) ~[spring-webmvc-6.1.4.jar:6.1.4]
	at jakarta.servlet.http.HttpServlet.service(HttpServlet.java:590) ~[tomcat-embed-core-10.1.19.jar:6.0]
	at org.springframework.web.servlet.FrameworkServlet.service(FrameworkServlet.java:885) ~[spring-webmvc-6.1.4.jar:6.1.4]
	at jakarta.servlet.http.HttpServlet.service(HttpServlet.java:658) ~[tomcat-embed-core-10.1.19.jar:6.0]
	at org.apache.catalina.core.ApplicationFilterChain.internalDoFilter(ApplicationFilterChain.java:205) ~[tomcat-embed-core-10.1.19.jar:10.1.19]
	at org.apache.catalina.core.ApplicationFilterChain.doFilter(ApplicationFilterChain.java:149) ~[tomcat-embed-core-10.1.19.jar:10.1.19]
	at org.apache.tomcat.websocket.server.WsFilter.doFilter(WsFilter.java:51) ~[tomcat-embed-websocket-10.1.19.jar:10.1.19]
	at org.apache.catalina.core.ApplicationFilterChain.internalDoFilter(ApplicationFilterChain.java:174) ~[tomcat-embed-core-10.1.19.jar:10.1.19]
	at org.apache.catalina.core.ApplicationFilterChain.doFilter(ApplicationFilterChain.java:149) ~[tomcat-embed-core-10.1.19.jar:10.1.19]
	at org.springframework.web.filter.RequestContextFilter.doFilterInternal(RequestContextFilter.java:100) ~[spring-web-6.1.4.jar:6.1.4]
	at org.springframework.web.filter.OncePerRequestFilter.doFilter(OncePerRequestFilter.java:116) ~[spring-web-6.1.4.jar:6.1.4]
	at org.apache.catalina.core.ApplicationFilterChain.internalDoFilter(ApplicationFilterChain.java:174) ~[tomcat-embed-core-10.1.19.jar:10.1.19]
	at org.apache.catalina.core.ApplicationFilterChain.doFilter(ApplicationFilterChain.java:149) ~[tomcat-embed-core-10.1.19.jar:10.1.19]
	at org.springframework.web.filter.FormContentFilter.doFilterInternal(FormContentFilter.java:93) ~[spring-web-6.1.4.jar:6.1.4]
	at org.springframework.web.filter.OncePerRequestFilter.doFilter(OncePerRequestFilter.java:116) ~[spring-web-6.1.4.jar:6.1.4]
	at org.apache.catalina.core.ApplicationFilterChain.internalDoFilter(ApplicationFilterChain.java:174) ~[tomcat-embed-core-10.1.19.jar:10.1.19]
	at org.apache.catalina.core.ApplicationFilterChain.doFilter(ApplicationFilterChain.java:149) ~[tomcat-embed-core-10.1.19.jar:10.1.19]
	at org.springframework.web.filter.CharacterEncodingFilter.doFilterInternal(CharacterEncodingFilter.java:201) ~[spring-web-6.1.4.jar:6.1.4]
	at org.springframework.web.filter.OncePerRequestFilter.doFilter(OncePerRequestFilter.java:116) ~[spring-web-6.1.4.jar:6.1.4]
	at org.apache.catalina.core.ApplicationFilterChain.internalDoFilter(ApplicationFilterChain.java:174) ~[tomcat-embed-core-10.1.19.jar:10.1.19]
	at org.apache.catalina.core.ApplicationFilterChain.doFilter(ApplicationFilterChain.java:149) ~[tomcat-embed-core-10.1.19.jar:10.1.19]
	at org.apache.catalina.core.StandardWrapperValve.invoke(StandardWrapperValve.java:167) ~[tomcat-embed-core-10.1.19.jar:10.1.19]
	at org.apache.catalina.core.StandardContextValve.invoke(StandardContextValve.java:90) ~[tomcat-embed-core-10.1.19.jar:10.1.19]
	at org.apache.catalina.authenticator.AuthenticatorBase.invoke(AuthenticatorBase.java:482) ~[tomcat-embed-core-10.1.19.jar:10.1.19]
	at org.apache.catalina.core.StandardHostValve.invoke(StandardHostValve.java:115) ~[tomcat-embed-core-10.1.19.jar:10.1.19]
	at org.apache.catalina.valves.ErrorReportValve.invoke(ErrorReportValve.java:93) ~[tomcat-embed-core-10.1.19.jar:10.1.19]
	at org.apache.catalina.core.StandardEngineValve.invoke(StandardEngineValve.java:74) ~[tomcat-embed-core-10.1.19.jar:10.1.19]
	at org.apache.catalina.connector.CoyoteAdapter.service(CoyoteAdapter.java:344) ~[tomcat-embed-core-10.1.19.jar:10.1.19]
	at org.apache.coyote.http11.Http11Processor.service(Http11Processor.java:391) ~[tomcat-embed-core-10.1.19.jar:10.1.19]
	at org.apache.coyote.AbstractProcessorLight.process(AbstractProcessorLight.java:63) ~[tomcat-embed-core-10.1.19.jar:10.1.19]
	at org.apache.coyote.AbstractProtocol$ConnectionHandler.process(AbstractProtocol.java:896) ~[tomcat-embed-core-10.1.19.jar:10.1.19]
	at org.apache.tomcat.util.net.NioEndpoint$SocketProcessor.doRun(NioEndpoint.java:1744) ~[tomcat-embed-core-10.1.19.jar:10.1.19]
	at org.apache.tomcat.util.net.SocketProcessorBase.run(SocketProcessorBase.java:52) ~[tomcat-embed-core-10.1.19.jar:10.1.19]
	at org.apache.tomcat.util.threads.ThreadPoolExecutor.runWorker(ThreadPoolExecutor.java:1191) ~[tomcat-embed-core-10.1.19.jar:10.1.19]
	at org.apache.tomcat.util.threads.ThreadPoolExecutor$Worker.run(ThreadPoolExecutor.java:659) ~[tomcat-embed-core-10.1.19.jar:10.1.19]
	at org.apache.tomcat.util.threads.TaskThread$WrappingRunnable.run(TaskThread.java:63) ~[tomcat-embed-core-10.1.19.jar:10.1.19]
	at java.base/java.lang.Thread.run(Thread.java:1583) ~[na:na]

2025-05-10T02:25:41.347+08:00  INFO 19984 --- [GraduationProject] [http-nio-8080-exec-1] c.h.g.service.WxLoginService             : 微信登录响应: {"session_key":"fpuDMML9mhJSj1pq6ywHwA==","openid":"obsW266H9qCCXUtEscAk9WARsIEo"}
2025-05-10T02:40:48.305+08:00  INFO 14192 --- [GraduationProject] [main] c.h.g.GraduationProjectApplication       : Starting GraduationProjectApplication using Java 21.0.2 with PID 14192 (D:\workspace\GP\GraduationProject\target\classes started by Hanlcnb in D:\workspace\GP\GraduationProject)
2025-05-10T02:40:48.306+08:00 DEBUG 14192 --- [GraduationProject] [main] c.h.g.GraduationProjectApplication       : Running with Spring Boot v3.2.3, Spring v6.1.4
2025-05-10T02:40:48.307+08:00  INFO 14192 --- [GraduationProject] [main] c.h.g.GraduationProjectApplication       : No active profile set, falling back to 1 default profile: "default"
2025-05-10T02:40:48.892+08:00  INFO 14192 --- [GraduationProject] [main] .s.d.r.c.RepositoryConfigurationDelegate : Multiple Spring Data modules found, entering strict repository configuration mode
2025-05-10T02:40:48.894+08:00  INFO 14192 --- [GraduationProject] [main] .s.d.r.c.RepositoryConfigurationDelegate : Bootstrapping Spring Data Redis repositories in DEFAULT mode.
2025-05-10T02:40:48.925+08:00  INFO 14192 --- [GraduationProject] [main] .s.d.r.c.RepositoryConfigurationDelegate : Finished Spring Data repository scanning in 20 ms. Found 0 Redis repository interfaces.
2025-05-10T02:40:49.401+08:00  INFO 14192 --- [GraduationProject] [main] o.s.b.w.embedded.tomcat.TomcatWebServer  : Tomcat initialized with port 8080 (http)
2025-05-10T02:40:49.411+08:00  INFO 14192 --- [GraduationProject] [main] o.apache.catalina.core.StandardService   : Starting service [Tomcat]
2025-05-10T02:40:49.411+08:00  INFO 14192 --- [GraduationProject] [main] o.apache.catalina.core.StandardEngine    : Starting Servlet engine: [Apache Tomcat/10.1.19]
2025-05-10T02:40:49.519+08:00  INFO 14192 --- [GraduationProject] [main] o.a.c.c.C.[Tomcat].[localhost].[/]       : Initializing Spring embedded WebApplicationContext
2025-05-10T02:40:49.519+08:00  INFO 14192 --- [GraduationProject] [main] w.s.c.ServletWebServerApplicationContext : Root WebApplicationContext: initialization completed in 1174 ms
2025-05-10T02:40:50.331+08:00  INFO 14192 --- [GraduationProject] [netty-websocket-server] c.h.g.netty.WebSocketServer              : WebSocket服务器启动成功，监听端口：8888
2025-05-10T02:40:50.739+08:00  INFO 14192 --- [GraduationProject] [main] o.s.b.w.embedded.tomcat.TomcatWebServer  : Tomcat started on port 8080 (http) with context path ''
2025-05-10T02:40:50.744+08:00  INFO 14192 --- [GraduationProject] [main] c.h.g.GraduationProjectApplication       : Started GraduationProjectApplication in 2.767 seconds (process running for 3.52)
2025-05-10T02:41:03.660+08:00  INFO 14192 --- [GraduationProject] [http-nio-8080-exec-1] o.a.c.c.C.[Tomcat].[localhost].[/]       : Initializing Spring DispatcherServlet 'dispatcherServlet'
2025-05-10T02:41:03.661+08:00  INFO 14192 --- [GraduationProject] [http-nio-8080-exec-1] o.s.web.servlet.DispatcherServlet        : Initializing Servlet 'dispatcherServlet'
2025-05-10T02:41:03.662+08:00  INFO 14192 --- [GraduationProject] [http-nio-8080-exec-1] o.s.web.servlet.DispatcherServlet        : Completed initialization in 1 ms
2025-05-10T02:41:04.225+08:00  INFO 14192 --- [GraduationProject] [http-nio-8080-exec-1] c.h.g.service.WxLoginService             : 微信登录响应: {"session_key":"fpuDMML9mhJSj1pq6ywHwA==","openid":"obsW266H9qCCXUtEscAk9WARsIEo"}
2025-05-10T02:41:04.270+08:00  INFO 14192 --- [GraduationProject] [http-nio-8080-exec-1] com.zaxxer.hikari.HikariDataSource       : HikariPool-1 - Starting...
2025-05-10T02:41:04.374+08:00  INFO 14192 --- [GraduationProject] [http-nio-8080-exec-1] com.zaxxer.hikari.pool.HikariPool        : HikariPool-1 - Added connection com.mysql.cj.jdbc.ConnectionImpl@22ba1dac
2025-05-10T02:41:04.375+08:00  INFO 14192 --- [GraduationProject] [http-nio-8080-exec-1] com.zaxxer.hikari.HikariDataSource       : HikariPool-1 - Start completed.
2025-05-10T02:50:43.412+08:00  INFO 6988 --- [GraduationProject] [main] c.h.g.GraduationProjectApplication       : Starting GraduationProjectApplication using Java 21.0.2 with PID 6988 (D:\workspace\GP\GraduationProject\target\classes started by Hanlcnb in D:\workspace\GP\GraduationProject)
2025-05-10T02:50:43.414+08:00 DEBUG 6988 --- [GraduationProject] [main] c.h.g.GraduationProjectApplication       : Running with Spring Boot v3.2.3, Spring v6.1.4
2025-05-10T02:50:43.414+08:00  INFO 6988 --- [GraduationProject] [main] c.h.g.GraduationProjectApplication       : No active profile set, falling back to 1 default profile: "default"
2025-05-10T02:50:43.998+08:00  INFO 6988 --- [GraduationProject] [main] .s.d.r.c.RepositoryConfigurationDelegate : Multiple Spring Data modules found, entering strict repository configuration mode
2025-05-10T02:50:44.000+08:00  INFO 6988 --- [GraduationProject] [main] .s.d.r.c.RepositoryConfigurationDelegate : Bootstrapping Spring Data Redis repositories in DEFAULT mode.
2025-05-10T02:50:44.030+08:00  INFO 6988 --- [GraduationProject] [main] .s.d.r.c.RepositoryConfigurationDelegate : Finished Spring Data repository scanning in 20 ms. Found 0 Redis repository interfaces.
2025-05-10T02:50:44.514+08:00  INFO 6988 --- [GraduationProject] [main] o.s.b.w.embedded.tomcat.TomcatWebServer  : Tomcat initialized with port 8080 (http)
2025-05-10T02:50:44.524+08:00  INFO 6988 --- [GraduationProject] [main] o.apache.catalina.core.StandardService   : Starting service [Tomcat]
2025-05-10T02:50:44.524+08:00  INFO 6988 --- [GraduationProject] [main] o.apache.catalina.core.StandardEngine    : Starting Servlet engine: [Apache Tomcat/10.1.19]
2025-05-10T02:50:44.628+08:00  INFO 6988 --- [GraduationProject] [main] o.a.c.c.C.[Tomcat].[localhost].[/]       : Initializing Spring embedded WebApplicationContext
2025-05-10T02:50:44.628+08:00  INFO 6988 --- [GraduationProject] [main] w.s.c.ServletWebServerApplicationContext : Root WebApplicationContext: initialization completed in 1179 ms
2025-05-10T02:50:45.478+08:00  INFO 6988 --- [GraduationProject] [netty-websocket-server] c.h.g.netty.WebSocketServer              : WebSocket服务器启动成功，监听端口：8888
2025-05-10T02:50:45.910+08:00  INFO 6988 --- [GraduationProject] [main] o.s.b.w.embedded.tomcat.TomcatWebServer  : Tomcat started on port 8080 (http) with context path ''
2025-05-10T02:50:45.915+08:00  INFO 6988 --- [GraduationProject] [main] c.h.g.GraduationProjectApplication       : Started GraduationProjectApplication in 2.843 seconds (process running for 3.64)
2025-05-10T02:50:49.304+08:00  INFO 6988 --- [GraduationProject] [http-nio-8080-exec-2] o.a.c.c.C.[Tomcat].[localhost].[/]       : Initializing Spring DispatcherServlet 'dispatcherServlet'
2025-05-10T02:50:49.305+08:00  INFO 6988 --- [GraduationProject] [http-nio-8080-exec-2] o.s.web.servlet.DispatcherServlet        : Initializing Servlet 'dispatcherServlet'
2025-05-10T02:50:49.306+08:00  INFO 6988 --- [GraduationProject] [http-nio-8080-exec-2] o.s.web.servlet.DispatcherServlet        : Completed initialization in 1 ms
2025-05-10T02:52:39.904+08:00  INFO 6552 --- [GraduationProject] [main] c.h.g.GraduationProjectApplication       : Starting GraduationProjectApplication using Java 21.0.2 with PID 6552 (D:\workspace\GP\GraduationProject\target\classes started by Hanlcnb in D:\workspace\GP\GraduationProject)
2025-05-10T02:52:39.905+08:00 DEBUG 6552 --- [GraduationProject] [main] c.h.g.GraduationProjectApplication       : Running with Spring Boot v3.2.3, Spring v6.1.4
2025-05-10T02:52:39.906+08:00  INFO 6552 --- [GraduationProject] [main] c.h.g.GraduationProjectApplication       : No active profile set, falling back to 1 default profile: "default"
2025-05-10T02:52:40.458+08:00  INFO 6552 --- [GraduationProject] [main] .s.d.r.c.RepositoryConfigurationDelegate : Multiple Spring Data modules found, entering strict repository configuration mode
2025-05-10T02:52:40.460+08:00  INFO 6552 --- [GraduationProject] [main] .s.d.r.c.RepositoryConfigurationDelegate : Bootstrapping Spring Data Redis repositories in DEFAULT mode.
2025-05-10T02:52:40.490+08:00  INFO 6552 --- [GraduationProject] [main] .s.d.r.c.RepositoryConfigurationDelegate : Finished Spring Data repository scanning in 20 ms. Found 0 Redis repository interfaces.
2025-05-10T02:52:40.954+08:00  INFO 6552 --- [GraduationProject] [main] o.s.b.w.embedded.tomcat.TomcatWebServer  : Tomcat initialized with port 8080 (http)
2025-05-10T02:52:40.963+08:00  INFO 6552 --- [GraduationProject] [main] o.apache.catalina.core.StandardService   : Starting service [Tomcat]
2025-05-10T02:52:40.963+08:00  INFO 6552 --- [GraduationProject] [main] o.apache.catalina.core.StandardEngine    : Starting Servlet engine: [Apache Tomcat/10.1.19]
2025-05-10T02:52:41.063+08:00  INFO 6552 --- [GraduationProject] [main] o.a.c.c.C.[Tomcat].[localhost].[/]       : Initializing Spring embedded WebApplicationContext
2025-05-10T02:52:41.064+08:00  INFO 6552 --- [GraduationProject] [main] w.s.c.ServletWebServerApplicationContext : Root WebApplicationContext: initialization completed in 1123 ms
2025-05-10T02:52:41.867+08:00  INFO 6552 --- [GraduationProject] [netty-websocket-server] c.h.g.netty.WebSocketServer              : WebSocket服务器启动成功，监听端口：8888
2025-05-10T02:52:42.311+08:00  INFO 6552 --- [GraduationProject] [main] o.s.b.w.embedded.tomcat.TomcatWebServer  : Tomcat started on port 8080 (http) with context path ''
2025-05-10T02:52:42.317+08:00  INFO 6552 --- [GraduationProject] [main] c.h.g.GraduationProjectApplication       : Started GraduationProjectApplication in 2.745 seconds (process running for 3.525)
2025-05-10T02:52:45.222+08:00  INFO 6552 --- [GraduationProject] [http-nio-8080-exec-2] o.a.c.c.C.[Tomcat].[localhost].[/]       : Initializing Spring DispatcherServlet 'dispatcherServlet'
2025-05-10T02:52:45.223+08:00  INFO 6552 --- [GraduationProject] [http-nio-8080-exec-2] o.s.web.servlet.DispatcherServlet        : Initializing Servlet 'dispatcherServlet'
2025-05-10T02:52:45.224+08:00  INFO 6552 --- [GraduationProject] [http-nio-8080-exec-2] o.s.web.servlet.DispatcherServlet        : Completed initialization in 1 ms
2025-05-10T03:00:25.086+08:00  INFO 17636 --- [GraduationProject] [main] c.h.g.GraduationProjectApplication       : Starting GraduationProjectApplication using Java 21.0.2 with PID 17636 (D:\workspace\GP\GraduationProject\target\classes started by Hanlcnb in D:\workspace\GP\GraduationProject)
2025-05-10T03:00:25.087+08:00 DEBUG 17636 --- [GraduationProject] [main] c.h.g.GraduationProjectApplication       : Running with Spring Boot v3.2.3, Spring v6.1.4
2025-05-10T03:00:25.087+08:00  INFO 17636 --- [GraduationProject] [main] c.h.g.GraduationProjectApplication       : No active profile set, falling back to 1 default profile: "default"
2025-05-10T03:00:25.647+08:00  INFO 17636 --- [GraduationProject] [main] .s.d.r.c.RepositoryConfigurationDelegate : Multiple Spring Data modules found, entering strict repository configuration mode
2025-05-10T03:00:25.649+08:00  INFO 17636 --- [GraduationProject] [main] .s.d.r.c.RepositoryConfigurationDelegate : Bootstrapping Spring Data Redis repositories in DEFAULT mode.
2025-05-10T03:00:25.679+08:00  INFO 17636 --- [GraduationProject] [main] .s.d.r.c.RepositoryConfigurationDelegate : Finished Spring Data repository scanning in 21 ms. Found 0 Redis repository interfaces.
2025-05-10T03:00:26.195+08:00  INFO 17636 --- [GraduationProject] [main] o.s.b.w.embedded.tomcat.TomcatWebServer  : Tomcat initialized with port 8080 (http)
2025-05-10T03:00:26.207+08:00  INFO 17636 --- [GraduationProject] [main] o.apache.catalina.core.StandardService   : Starting service [Tomcat]
2025-05-10T03:00:26.207+08:00  INFO 17636 --- [GraduationProject] [main] o.apache.catalina.core.StandardEngine    : Starting Servlet engine: [Apache Tomcat/10.1.19]
2025-05-10T03:00:26.315+08:00  INFO 17636 --- [GraduationProject] [main] o.a.c.c.C.[Tomcat].[localhost].[/]       : Initializing Spring embedded WebApplicationContext
2025-05-10T03:00:26.315+08:00  INFO 17636 --- [GraduationProject] [main] w.s.c.ServletWebServerApplicationContext : Root WebApplicationContext: initialization completed in 1194 ms
2025-05-10T03:00:27.154+08:00  INFO 17636 --- [GraduationProject] [netty-websocket-server] c.h.g.netty.WebSocketServer              : WebSocket服务器启动成功，监听端口：8888
2025-05-10T03:00:27.618+08:00  INFO 17636 --- [GraduationProject] [main] o.s.b.w.embedded.tomcat.TomcatWebServer  : Tomcat started on port 8080 (http) with context path ''
2025-05-10T03:00:27.624+08:00  INFO 17636 --- [GraduationProject] [main] c.h.g.GraduationProjectApplication       : Started GraduationProjectApplication in 2.87 seconds (process running for 3.65)
2025-05-10T03:01:17.749+08:00  INFO 17636 --- [GraduationProject] [http-nio-8080-exec-2] o.a.c.c.C.[Tomcat].[localhost].[/]       : Initializing Spring DispatcherServlet 'dispatcherServlet'
2025-05-10T03:01:17.749+08:00  INFO 17636 --- [GraduationProject] [http-nio-8080-exec-2] o.s.web.servlet.DispatcherServlet        : Initializing Servlet 'dispatcherServlet'
2025-05-10T03:01:17.750+08:00  INFO 17636 --- [GraduationProject] [http-nio-8080-exec-2] o.s.web.servlet.DispatcherServlet        : Completed initialization in 1 ms
2025-05-10T03:04:52.192+08:00  INFO 17636 --- [GraduationProject] [http-nio-8080-exec-5] com.zaxxer.hikari.HikariDataSource       : HikariPool-1 - Starting...
2025-05-10T03:04:52.308+08:00  INFO 17636 --- [GraduationProject] [http-nio-8080-exec-5] com.zaxxer.hikari.pool.HikariPool        : HikariPool-1 - Added connection com.mysql.cj.jdbc.ConnectionImpl@c1aba32
2025-05-10T03:04:52.309+08:00  INFO 17636 --- [GraduationProject] [http-nio-8080-exec-5] com.zaxxer.hikari.HikariDataSource       : HikariPool-1 - Start completed.
2025-05-10T03:09:06.331+08:00  INFO 20716 --- [GraduationProject] [main] c.h.g.GraduationProjectApplication       : Starting GraduationProjectApplication using Java 21.0.2 with PID 20716 (D:\workspace\GP\GraduationProject\target\classes started by Hanlcnb in D:\workspace\GP\GraduationProject)
2025-05-10T03:09:06.332+08:00 DEBUG 20716 --- [GraduationProject] [main] c.h.g.GraduationProjectApplication       : Running with Spring Boot v3.2.3, Spring v6.1.4
2025-05-10T03:09:06.333+08:00  INFO 20716 --- [GraduationProject] [main] c.h.g.GraduationProjectApplication       : No active profile set, falling back to 1 default profile: "default"
2025-05-10T03:09:06.949+08:00  INFO 20716 --- [GraduationProject] [main] .s.d.r.c.RepositoryConfigurationDelegate : Multiple Spring Data modules found, entering strict repository configuration mode
2025-05-10T03:09:06.951+08:00  INFO 20716 --- [GraduationProject] [main] .s.d.r.c.RepositoryConfigurationDelegate : Bootstrapping Spring Data Redis repositories in DEFAULT mode.
2025-05-10T03:09:06.984+08:00  INFO 20716 --- [GraduationProject] [main] .s.d.r.c.RepositoryConfigurationDelegate : Finished Spring Data repository scanning in 21 ms. Found 0 Redis repository interfaces.
2025-05-10T03:09:07.465+08:00  INFO 20716 --- [GraduationProject] [main] o.s.b.w.embedded.tomcat.TomcatWebServer  : Tomcat initialized with port 8080 (http)
2025-05-10T03:09:07.474+08:00  INFO 20716 --- [GraduationProject] [main] o.apache.catalina.core.StandardService   : Starting service [Tomcat]
2025-05-10T03:09:07.474+08:00  INFO 20716 --- [GraduationProject] [main] o.apache.catalina.core.StandardEngine    : Starting Servlet engine: [Apache Tomcat/10.1.19]
2025-05-10T03:09:07.579+08:00  INFO 20716 --- [GraduationProject] [main] o.a.c.c.C.[Tomcat].[localhost].[/]       : Initializing Spring embedded WebApplicationContext
2025-05-10T03:09:07.579+08:00  INFO 20716 --- [GraduationProject] [main] w.s.c.ServletWebServerApplicationContext : Root WebApplicationContext: initialization completed in 1211 ms
2025-05-10T03:09:08.356+08:00  INFO 20716 --- [GraduationProject] [netty-websocket-server] c.h.g.netty.WebSocketServer              : WebSocket服务器启动成功，监听端口：8888
2025-05-10T03:09:08.773+08:00  INFO 20716 --- [GraduationProject] [main] o.s.b.w.embedded.tomcat.TomcatWebServer  : Tomcat started on port 8080 (http) with context path ''
2025-05-10T03:09:08.779+08:00  INFO 20716 --- [GraduationProject] [main] c.h.g.GraduationProjectApplication       : Started GraduationProjectApplication in 2.78 seconds (process running for 3.512)
2025-05-10T03:09:12.464+08:00  INFO 20716 --- [GraduationProject] [http-nio-8080-exec-2] o.a.c.c.C.[Tomcat].[localhost].[/]       : Initializing Spring DispatcherServlet 'dispatcherServlet'
2025-05-10T03:09:12.464+08:00  INFO 20716 --- [GraduationProject] [http-nio-8080-exec-2] o.s.web.servlet.DispatcherServlet        : Initializing Servlet 'dispatcherServlet'
2025-05-10T03:09:12.465+08:00  INFO 20716 --- [GraduationProject] [http-nio-8080-exec-2] o.s.web.servlet.DispatcherServlet        : Completed initialization in 1 ms
2025-05-10T03:09:12.549+08:00  INFO 20716 --- [GraduationProject] [http-nio-8080-exec-2] com.zaxxer.hikari.HikariDataSource       : HikariPool-1 - Starting...
2025-05-10T03:09:12.663+08:00  INFO 20716 --- [GraduationProject] [http-nio-8080-exec-2] com.zaxxer.hikari.pool.HikariPool        : HikariPool-1 - Added connection com.mysql.cj.jdbc.ConnectionImpl@156d1dc3
2025-05-10T03:09:12.664+08:00  INFO 20716 --- [GraduationProject] [http-nio-8080-exec-2] com.zaxxer.hikari.HikariDataSource       : HikariPool-1 - Start completed.
2025-05-10T03:12:27.933+08:00  INFO 17356 --- [GraduationProject] [main] c.h.g.GraduationProjectApplication       : Starting GraduationProjectApplication using Java 21.0.2 with PID 17356 (D:\workspace\GP\GraduationProject\target\classes started by Hanlcnb in D:\workspace\GP\GraduationProject)
2025-05-10T03:12:27.934+08:00 DEBUG 17356 --- [GraduationProject] [main] c.h.g.GraduationProjectApplication       : Running with Spring Boot v3.2.3, Spring v6.1.4
2025-05-10T03:12:27.934+08:00  INFO 17356 --- [GraduationProject] [main] c.h.g.GraduationProjectApplication       : No active profile set, falling back to 1 default profile: "default"
2025-05-10T03:12:28.511+08:00  INFO 17356 --- [GraduationProject] [main] .s.d.r.c.RepositoryConfigurationDelegate : Multiple Spring Data modules found, entering strict repository configuration mode
2025-05-10T03:12:28.513+08:00  INFO 17356 --- [GraduationProject] [main] .s.d.r.c.RepositoryConfigurationDelegate : Bootstrapping Spring Data Redis repositories in DEFAULT mode.
2025-05-10T03:12:28.544+08:00  INFO 17356 --- [GraduationProject] [main] .s.d.r.c.RepositoryConfigurationDelegate : Finished Spring Data repository scanning in 21 ms. Found 0 Redis repository interfaces.
2025-05-10T03:12:29.017+08:00  INFO 17356 --- [GraduationProject] [main] o.s.b.w.embedded.tomcat.TomcatWebServer  : Tomcat initialized with port 8080 (http)
2025-05-10T03:12:29.026+08:00  INFO 17356 --- [GraduationProject] [main] o.apache.catalina.core.StandardService   : Starting service [Tomcat]
2025-05-10T03:12:29.027+08:00  INFO 17356 --- [GraduationProject] [main] o.apache.catalina.core.StandardEngine    : Starting Servlet engine: [Apache Tomcat/10.1.19]
2025-05-10T03:12:29.127+08:00  INFO 17356 --- [GraduationProject] [main] o.a.c.c.C.[Tomcat].[localhost].[/]       : Initializing Spring embedded WebApplicationContext
2025-05-10T03:12:29.127+08:00  INFO 17356 --- [GraduationProject] [main] w.s.c.ServletWebServerApplicationContext : Root WebApplicationContext: initialization completed in 1158 ms
2025-05-10T03:12:29.933+08:00  INFO 17356 --- [GraduationProject] [netty-websocket-server] c.h.g.netty.WebSocketServer              : WebSocket服务器启动成功，监听端口：8888
2025-05-10T03:12:30.361+08:00  INFO 17356 --- [GraduationProject] [main] o.s.b.w.embedded.tomcat.TomcatWebServer  : Tomcat started on port 8080 (http) with context path ''
2025-05-10T03:12:30.367+08:00  INFO 17356 --- [GraduationProject] [main] c.h.g.GraduationProjectApplication       : Started GraduationProjectApplication in 2.76 seconds (process running for 3.501)
2025-05-10T03:12:33.750+08:00  INFO 17356 --- [GraduationProject] [http-nio-8080-exec-2] o.a.c.c.C.[Tomcat].[localhost].[/]       : Initializing Spring DispatcherServlet 'dispatcherServlet'
2025-05-10T03:12:33.750+08:00  INFO 17356 --- [GraduationProject] [http-nio-8080-exec-2] o.s.web.servlet.DispatcherServlet        : Initializing Servlet 'dispatcherServlet'
2025-05-10T03:12:33.751+08:00  INFO 17356 --- [GraduationProject] [http-nio-8080-exec-2] o.s.web.servlet.DispatcherServlet        : Completed initialization in 1 ms
2025-05-10T03:12:33.837+08:00  INFO 17356 --- [GraduationProject] [http-nio-8080-exec-2] com.zaxxer.hikari.HikariDataSource       : HikariPool-1 - Starting...
2025-05-10T03:12:33.950+08:00  INFO 17356 --- [GraduationProject] [http-nio-8080-exec-2] com.zaxxer.hikari.pool.HikariPool        : HikariPool-1 - Added connection com.mysql.cj.jdbc.ConnectionImpl@5c4b2648
2025-05-10T03:12:33.952+08:00  INFO 17356 --- [GraduationProject] [http-nio-8080-exec-2] com.zaxxer.hikari.HikariDataSource       : HikariPool-1 - Start completed.
2025-05-10T03:19:04.019+08:00  INFO 17356 --- [GraduationProject] [http-nio-8080-exec-7] c.h.g.service.WxLoginService             : 微信登录响应: {"session_key":"fpuDMML9mhJSj1pq6ywHwA==","openid":"obsW266H9qCCXUtEscAk9WARsIEo"}
2025-05-10T03:20:17.787+08:00  INFO 27668 --- [GraduationProject] [main] c.h.g.GraduationProjectApplication       : Starting GraduationProjectApplication using Java 21.0.2 with PID 27668 (D:\workspace\GP\GraduationProject\target\classes started by Hanlcnb in D:\workspace\GP\GraduationProject)
2025-05-10T03:20:17.788+08:00 DEBUG 27668 --- [GraduationProject] [main] c.h.g.GraduationProjectApplication       : Running with Spring Boot v3.2.3, Spring v6.1.4
2025-05-10T03:20:17.789+08:00  INFO 27668 --- [GraduationProject] [main] c.h.g.GraduationProjectApplication       : No active profile set, falling back to 1 default profile: "default"
2025-05-10T03:20:18.365+08:00  INFO 27668 --- [GraduationProject] [main] .s.d.r.c.RepositoryConfigurationDelegate : Multiple Spring Data modules found, entering strict repository configuration mode
2025-05-10T03:20:18.367+08:00  INFO 27668 --- [GraduationProject] [main] .s.d.r.c.RepositoryConfigurationDelegate : Bootstrapping Spring Data Redis repositories in DEFAULT mode.
2025-05-10T03:20:18.399+08:00  INFO 27668 --- [GraduationProject] [main] .s.d.r.c.RepositoryConfigurationDelegate : Finished Spring Data repository scanning in 22 ms. Found 0 Redis repository interfaces.
2025-05-10T03:20:18.882+08:00  INFO 27668 --- [GraduationProject] [main] o.s.b.w.embedded.tomcat.TomcatWebServer  : Tomcat initialized with port 8080 (http)
2025-05-10T03:20:18.891+08:00  INFO 27668 --- [GraduationProject] [main] o.apache.catalina.core.StandardService   : Starting service [Tomcat]
2025-05-10T03:20:18.891+08:00  INFO 27668 --- [GraduationProject] [main] o.apache.catalina.core.StandardEngine    : Starting Servlet engine: [Apache Tomcat/10.1.19]
2025-05-10T03:20:18.995+08:00  INFO 27668 --- [GraduationProject] [main] o.a.c.c.C.[Tomcat].[localhost].[/]       : Initializing Spring embedded WebApplicationContext
2025-05-10T03:20:18.996+08:00  INFO 27668 --- [GraduationProject] [main] w.s.c.ServletWebServerApplicationContext : Root WebApplicationContext: initialization completed in 1173 ms
2025-05-10T03:20:19.839+08:00  INFO 27668 --- [GraduationProject] [netty-websocket-server] c.h.g.netty.WebSocketServer              : WebSocket服务器启动成功，监听端口：8888
2025-05-10T03:20:20.261+08:00  INFO 27668 --- [GraduationProject] [main] o.s.b.w.embedded.tomcat.TomcatWebServer  : Tomcat started on port 8080 (http) with context path ''
2025-05-10T03:20:20.266+08:00  INFO 27668 --- [GraduationProject] [main] c.h.g.GraduationProjectApplication       : Started GraduationProjectApplication in 2.815 seconds (process running for 3.582)
2025-05-10T03:20:29.596+08:00  INFO 27668 --- [GraduationProject] [http-nio-8080-exec-1] o.a.c.c.C.[Tomcat].[localhost].[/]       : Initializing Spring DispatcherServlet 'dispatcherServlet'
2025-05-10T03:20:29.597+08:00  INFO 27668 --- [GraduationProject] [http-nio-8080-exec-1] o.s.web.servlet.DispatcherServlet        : Initializing Servlet 'dispatcherServlet'
2025-05-10T03:20:29.598+08:00  INFO 27668 --- [GraduationProject] [http-nio-8080-exec-1] o.s.web.servlet.DispatcherServlet        : Completed initialization in 1 ms
2025-05-10T03:20:30.257+08:00  INFO 27668 --- [GraduationProject] [http-nio-8080-exec-1] c.h.g.service.WxLoginService             : 微信登录响应: {"session_key":"fpuDMML9mhJSj1pq6ywHwA==","openid":"obsW266H9qCCXUtEscAk9WARsIEo"}
2025-05-10T03:20:30.304+08:00  INFO 27668 --- [GraduationProject] [http-nio-8080-exec-1] com.zaxxer.hikari.HikariDataSource       : HikariPool-1 - Starting...
2025-05-10T03:20:30.411+08:00  INFO 27668 --- [GraduationProject] [http-nio-8080-exec-1] com.zaxxer.hikari.pool.HikariPool        : HikariPool-1 - Added connection com.mysql.cj.jdbc.ConnectionImpl@4bd21cef
2025-05-10T03:20:30.412+08:00  INFO 27668 --- [GraduationProject] [http-nio-8080-exec-1] com.zaxxer.hikari.HikariDataSource       : HikariPool-1 - Start completed.
2025-05-10T03:28:13.709+08:00  INFO 30300 --- [GraduationProject] [main] c.h.g.GraduationProjectApplication       : Starting GraduationProjectApplication using Java 21.0.2 with PID 30300 (D:\workspace\GP\GraduationProject\target\classes started by Hanlcnb in D:\workspace\GP\GraduationProject)
2025-05-10T03:28:13.710+08:00 DEBUG 30300 --- [GraduationProject] [main] c.h.g.GraduationProjectApplication       : Running with Spring Boot v3.2.3, Spring v6.1.4
2025-05-10T03:28:13.711+08:00  INFO 30300 --- [GraduationProject] [main] c.h.g.GraduationProjectApplication       : No active profile set, falling back to 1 default profile: "default"
2025-05-10T03:28:14.289+08:00  INFO 30300 --- [GraduationProject] [main] .s.d.r.c.RepositoryConfigurationDelegate : Multiple Spring Data modules found, entering strict repository configuration mode
2025-05-10T03:28:14.291+08:00  INFO 30300 --- [GraduationProject] [main] .s.d.r.c.RepositoryConfigurationDelegate : Bootstrapping Spring Data Redis repositories in DEFAULT mode.
2025-05-10T03:28:14.323+08:00  INFO 30300 --- [GraduationProject] [main] .s.d.r.c.RepositoryConfigurationDelegate : Finished Spring Data repository scanning in 21 ms. Found 0 Redis repository interfaces.
2025-05-10T03:28:14.806+08:00  INFO 30300 --- [GraduationProject] [main] o.s.b.w.embedded.tomcat.TomcatWebServer  : Tomcat initialized with port 8080 (http)
2025-05-10T03:28:14.815+08:00  INFO 30300 --- [GraduationProject] [main] o.apache.catalina.core.StandardService   : Starting service [Tomcat]
2025-05-10T03:28:14.815+08:00  INFO 30300 --- [GraduationProject] [main] o.apache.catalina.core.StandardEngine    : Starting Servlet engine: [Apache Tomcat/10.1.19]
2025-05-10T03:28:14.919+08:00  INFO 30300 --- [GraduationProject] [main] o.a.c.c.C.[Tomcat].[localhost].[/]       : Initializing Spring embedded WebApplicationContext
2025-05-10T03:28:14.919+08:00  INFO 30300 --- [GraduationProject] [main] w.s.c.ServletWebServerApplicationContext : Root WebApplicationContext: initialization completed in 1174 ms
2025-05-10T03:28:15.674+08:00  INFO 30300 --- [GraduationProject] [netty-websocket-server] c.h.g.netty.WebSocketServer              : WebSocket服务器启动成功，监听端口：8888
2025-05-10T03:28:16.075+08:00  INFO 30300 --- [GraduationProject] [main] o.s.b.w.embedded.tomcat.TomcatWebServer  : Tomcat started on port 8080 (http) with context path ''
2025-05-10T03:28:16.080+08:00  INFO 30300 --- [GraduationProject] [main] c.h.g.GraduationProjectApplication       : Started GraduationProjectApplication in 2.687 seconds (process running for 3.437)
2025-05-10T03:28:28.158+08:00  INFO 30300 --- [GraduationProject] [http-nio-8080-exec-1] o.a.c.c.C.[Tomcat].[localhost].[/]       : Initializing Spring DispatcherServlet 'dispatcherServlet'
2025-05-10T03:28:28.158+08:00  INFO 30300 --- [GraduationProject] [http-nio-8080-exec-1] o.s.web.servlet.DispatcherServlet        : Initializing Servlet 'dispatcherServlet'
2025-05-10T03:28:28.159+08:00  INFO 30300 --- [GraduationProject] [http-nio-8080-exec-1] o.s.web.servlet.DispatcherServlet        : Completed initialization in 1 ms
2025-05-10T03:28:28.708+08:00  INFO 30300 --- [GraduationProject] [http-nio-8080-exec-1] c.h.g.service.WxLoginService             : 微信登录响应: {"session_key":"fpuDMML9mhJSj1pq6ywHwA==","openid":"obsW266H9qCCXUtEscAk9WARsIEo"}
2025-05-10T03:28:28.764+08:00  INFO 30300 --- [GraduationProject] [http-nio-8080-exec-1] com.zaxxer.hikari.HikariDataSource       : HikariPool-1 - Starting...
2025-05-10T03:28:28.879+08:00  INFO 30300 --- [GraduationProject] [http-nio-8080-exec-1] com.zaxxer.hikari.pool.HikariPool        : HikariPool-1 - Added connection com.mysql.cj.jdbc.ConnectionImpl@31d108fe
2025-05-10T03:28:28.880+08:00  INFO 30300 --- [GraduationProject] [http-nio-8080-exec-1] com.zaxxer.hikari.HikariDataSource       : HikariPool-1 - Start completed.
2025-05-10T11:29:23.891+08:00  INFO 22704 --- [GraduationProject] [main] c.h.g.GraduationProjectApplication       : Starting GraduationProjectApplication using Java 21.0.2 with PID 22704 (D:\workspace\GP\GraduationProject\target\classes started by Hanlcnb in D:\workspace\GP\GraduationProject)
2025-05-10T11:29:23.895+08:00 DEBUG 22704 --- [GraduationProject] [main] c.h.g.GraduationProjectApplication       : Running with Spring Boot v3.2.3, Spring v6.1.4
2025-05-10T11:29:23.896+08:00  INFO 22704 --- [GraduationProject] [main] c.h.g.GraduationProjectApplication       : No active profile set, falling back to 1 default profile: "default"
2025-05-10T11:29:26.712+08:00  INFO 22704 --- [GraduationProject] [main] .s.d.r.c.RepositoryConfigurationDelegate : Multiple Spring Data modules found, entering strict repository configuration mode
2025-05-10T11:29:26.718+08:00  INFO 22704 --- [GraduationProject] [main] .s.d.r.c.RepositoryConfigurationDelegate : Bootstrapping Spring Data Redis repositories in DEFAULT mode.
2025-05-10T11:29:26.809+08:00  INFO 22704 --- [GraduationProject] [main] .s.d.r.c.RepositoryConfigurationDelegate : Finished Spring Data repository scanning in 58 ms. Found 0 Redis repository interfaces.
2025-05-10T11:29:28.297+08:00  INFO 22704 --- [GraduationProject] [main] o.s.b.w.embedded.tomcat.TomcatWebServer  : Tomcat initialized with port 8080 (http)
2025-05-10T11:29:28.324+08:00  INFO 22704 --- [GraduationProject] [main] o.apache.catalina.core.StandardService   : Starting service [Tomcat]
2025-05-10T11:29:28.325+08:00  INFO 22704 --- [GraduationProject] [main] o.apache.catalina.core.StandardEngine    : Starting Servlet engine: [Apache Tomcat/10.1.19]
2025-05-10T11:29:28.641+08:00  INFO 22704 --- [GraduationProject] [main] o.a.c.c.C.[Tomcat].[localhost].[/]       : Initializing Spring embedded WebApplicationContext
2025-05-10T11:29:28.642+08:00  INFO 22704 --- [GraduationProject] [main] w.s.c.ServletWebServerApplicationContext : Root WebApplicationContext: initialization completed in 4625 ms
2025-05-10T11:29:30.932+08:00  INFO 22704 --- [GraduationProject] [netty-websocket-server] c.h.g.netty.WebSocketServer              : WebSocket服务器启动成功，监听端口：8888
2025-05-10T11:29:32.074+08:00  INFO 22704 --- [GraduationProject] [main] o.s.b.w.embedded.tomcat.TomcatWebServer  : Tomcat started on port 8080 (http) with context path ''
2025-05-10T11:29:32.088+08:00  INFO 22704 --- [GraduationProject] [main] c.h.g.GraduationProjectApplication       : Started GraduationProjectApplication in 9.23 seconds (process running for 12.362)
2025-05-10T11:30:10.136+08:00  INFO 22704 --- [GraduationProject] [http-nio-8080-exec-1] o.a.c.c.C.[Tomcat].[localhost].[/]       : Initializing Spring DispatcherServlet 'dispatcherServlet'
2025-05-10T11:30:10.137+08:00  INFO 22704 --- [GraduationProject] [http-nio-8080-exec-1] o.s.web.servlet.DispatcherServlet        : Initializing Servlet 'dispatcherServlet'
2025-05-10T11:30:10.139+08:00  INFO 22704 --- [GraduationProject] [http-nio-8080-exec-1] o.s.web.servlet.DispatcherServlet        : Completed initialization in 2 ms
2025-05-10T11:30:11.280+08:00  INFO 22704 --- [GraduationProject] [http-nio-8080-exec-1] c.h.g.service.WxLoginService             : 微信登录响应: {"session_key":"5iohYNg8txGvOqP6RSWLuA==","openid":"obsW266H9qCCXUtEscAk9WARsIEo"}
2025-05-10T11:30:11.433+08:00  INFO 22704 --- [GraduationProject] [http-nio-8080-exec-1] com.zaxxer.hikari.HikariDataSource       : HikariPool-1 - Starting...
2025-05-10T11:30:11.778+08:00  INFO 22704 --- [GraduationProject] [http-nio-8080-exec-1] com.zaxxer.hikari.pool.HikariPool        : HikariPool-1 - Added connection com.mysql.cj.jdbc.ConnectionImpl@74369ba4
2025-05-10T11:30:11.782+08:00  INFO 22704 --- [GraduationProject] [http-nio-8080-exec-1] com.zaxxer.hikari.HikariDataSource       : HikariPool-1 - Start completed.
2025-05-10T11:31:53.529+08:00 ERROR 22704 --- [GraduationProject] [http-nio-8080-exec-2] c.h.graduationproject.common.DetectFace  : 人脸验证失败

com.tencentcloudapi.common.exception.TencentCloudSDKException: 图片中没有人脸。
	at com.tencentcloudapi.common.AbstractClient.internalRequest(AbstractClient.java:439) ~[tencentcloud-sdk-java-3.1.791.jar:na]
	at com.tencentcloudapi.iai.v20200303.IaiClient.VerifyPerson(IaiClient.java:888) ~[tencentcloud-sdk-java-3.1.791.jar:na]
	at com.hanlc.graduationproject.common.DetectFace.verifyPerson(DetectFace.java:106) ~[classes/:na]
	at com.hanlc.graduationproject.controller.FaceController.verifyPerson(FaceController.java:54) ~[classes/:na]
	at java.base/jdk.internal.reflect.DirectMethodHandleAccessor.invoke(DirectMethodHandleAccessor.java:103) ~[na:na]
	at java.base/java.lang.reflect.Method.invoke(Method.java:580) ~[na:na]
	at org.springframework.web.method.support.InvocableHandlerMethod.doInvoke(InvocableHandlerMethod.java:259) ~[spring-web-6.1.4.jar:6.1.4]
	at org.springframework.web.method.support.InvocableHandlerMethod.invokeForRequest(InvocableHandlerMethod.java:192) ~[spring-web-6.1.4.jar:6.1.4]
	at org.springframework.web.servlet.mvc.method.annotation.ServletInvocableHandlerMethod.invokeAndHandle(ServletInvocableHandlerMethod.java:118) ~[spring-webmvc-6.1.4.jar:6.1.4]
	at org.springframework.web.servlet.mvc.method.annotation.RequestMappingHandlerAdapter.invokeHandlerMethod(RequestMappingHandlerAdapter.java:920) ~[spring-webmvc-6.1.4.jar:6.1.4]
	at org.springframework.web.servlet.mvc.method.annotation.RequestMappingHandlerAdapter.handleInternal(RequestMappingHandlerAdapter.java:830) ~[spring-webmvc-6.1.4.jar:6.1.4]
	at org.springframework.web.servlet.mvc.method.AbstractHandlerMethodAdapter.handle(AbstractHandlerMethodAdapter.java:87) ~[spring-webmvc-6.1.4.jar:6.1.4]
	at org.springframework.web.servlet.DispatcherServlet.doDispatch(DispatcherServlet.java:1089) ~[spring-webmvc-6.1.4.jar:6.1.4]
	at org.springframework.web.servlet.DispatcherServlet.doService(DispatcherServlet.java:979) ~[spring-webmvc-6.1.4.jar:6.1.4]
	at org.springframework.web.servlet.FrameworkServlet.processRequest(FrameworkServlet.java:1014) ~[spring-webmvc-6.1.4.jar:6.1.4]
	at org.springframework.web.servlet.FrameworkServlet.doPost(FrameworkServlet.java:914) ~[spring-webmvc-6.1.4.jar:6.1.4]
	at jakarta.servlet.http.HttpServlet.service(HttpServlet.java:590) ~[tomcat-embed-core-10.1.19.jar:6.0]
	at org.springframework.web.servlet.FrameworkServlet.service(FrameworkServlet.java:885) ~[spring-webmvc-6.1.4.jar:6.1.4]
	at jakarta.servlet.http.HttpServlet.service(HttpServlet.java:658) ~[tomcat-embed-core-10.1.19.jar:6.0]
	at org.apache.catalina.core.ApplicationFilterChain.internalDoFilter(ApplicationFilterChain.java:205) ~[tomcat-embed-core-10.1.19.jar:10.1.19]
	at org.apache.catalina.core.ApplicationFilterChain.doFilter(ApplicationFilterChain.java:149) ~[tomcat-embed-core-10.1.19.jar:10.1.19]
	at org.apache.tomcat.websocket.server.WsFilter.doFilter(WsFilter.java:51) ~[tomcat-embed-websocket-10.1.19.jar:10.1.19]
	at org.apache.catalina.core.ApplicationFilterChain.internalDoFilter(ApplicationFilterChain.java:174) ~[tomcat-embed-core-10.1.19.jar:10.1.19]
	at org.apache.catalina.core.ApplicationFilterChain.doFilter(ApplicationFilterChain.java:149) ~[tomcat-embed-core-10.1.19.jar:10.1.19]
	at org.springframework.web.filter.RequestContextFilter.doFilterInternal(RequestContextFilter.java:100) ~[spring-web-6.1.4.jar:6.1.4]
	at org.springframework.web.filter.OncePerRequestFilter.doFilter(OncePerRequestFilter.java:116) ~[spring-web-6.1.4.jar:6.1.4]
	at org.apache.catalina.core.ApplicationFilterChain.internalDoFilter(ApplicationFilterChain.java:174) ~[tomcat-embed-core-10.1.19.jar:10.1.19]
	at org.apache.catalina.core.ApplicationFilterChain.doFilter(ApplicationFilterChain.java:149) ~[tomcat-embed-core-10.1.19.jar:10.1.19]
	at org.springframework.web.filter.FormContentFilter.doFilterInternal(FormContentFilter.java:93) ~[spring-web-6.1.4.jar:6.1.4]
	at org.springframework.web.filter.OncePerRequestFilter.doFilter(OncePerRequestFilter.java:116) ~[spring-web-6.1.4.jar:6.1.4]
	at org.apache.catalina.core.ApplicationFilterChain.internalDoFilter(ApplicationFilterChain.java:174) ~[tomcat-embed-core-10.1.19.jar:10.1.19]
	at org.apache.catalina.core.ApplicationFilterChain.doFilter(ApplicationFilterChain.java:149) ~[tomcat-embed-core-10.1.19.jar:10.1.19]
	at org.springframework.web.filter.CharacterEncodingFilter.doFilterInternal(CharacterEncodingFilter.java:201) ~[spring-web-6.1.4.jar:6.1.4]
	at org.springframework.web.filter.OncePerRequestFilter.doFilter(OncePerRequestFilter.java:116) ~[spring-web-6.1.4.jar:6.1.4]
	at org.apache.catalina.core.ApplicationFilterChain.internalDoFilter(ApplicationFilterChain.java:174) ~[tomcat-embed-core-10.1.19.jar:10.1.19]
	at org.apache.catalina.core.ApplicationFilterChain.doFilter(ApplicationFilterChain.java:149) ~[tomcat-embed-core-10.1.19.jar:10.1.19]
	at org.apache.catalina.core.StandardWrapperValve.invoke(StandardWrapperValve.java:167) ~[tomcat-embed-core-10.1.19.jar:10.1.19]
	at org.apache.catalina.core.StandardContextValve.invoke(StandardContextValve.java:90) ~[tomcat-embed-core-10.1.19.jar:10.1.19]
	at org.apache.catalina.authenticator.AuthenticatorBase.invoke(AuthenticatorBase.java:482) ~[tomcat-embed-core-10.1.19.jar:10.1.19]
	at org.apache.catalina.core.StandardHostValve.invoke(StandardHostValve.java:115) ~[tomcat-embed-core-10.1.19.jar:10.1.19]
	at org.apache.catalina.valves.ErrorReportValve.invoke(ErrorReportValve.java:93) ~[tomcat-embed-core-10.1.19.jar:10.1.19]
	at org.apache.catalina.core.StandardEngineValve.invoke(StandardEngineValve.java:74) ~[tomcat-embed-core-10.1.19.jar:10.1.19]
	at org.apache.catalina.connector.CoyoteAdapter.service(CoyoteAdapter.java:344) ~[tomcat-embed-core-10.1.19.jar:10.1.19]
	at org.apache.coyote.http11.Http11Processor.service(Http11Processor.java:391) ~[tomcat-embed-core-10.1.19.jar:10.1.19]
	at org.apache.coyote.AbstractProcessorLight.process(AbstractProcessorLight.java:63) ~[tomcat-embed-core-10.1.19.jar:10.1.19]
	at org.apache.coyote.AbstractProtocol$ConnectionHandler.process(AbstractProtocol.java:896) ~[tomcat-embed-core-10.1.19.jar:10.1.19]
	at org.apache.tomcat.util.net.NioEndpoint$SocketProcessor.doRun(NioEndpoint.java:1744) ~[tomcat-embed-core-10.1.19.jar:10.1.19]
	at org.apache.tomcat.util.net.SocketProcessorBase.run(SocketProcessorBase.java:52) ~[tomcat-embed-core-10.1.19.jar:10.1.19]
	at org.apache.tomcat.util.threads.ThreadPoolExecutor.runWorker(ThreadPoolExecutor.java:1191) ~[tomcat-embed-core-10.1.19.jar:10.1.19]
	at org.apache.tomcat.util.threads.ThreadPoolExecutor$Worker.run(ThreadPoolExecutor.java:659) ~[tomcat-embed-core-10.1.19.jar:10.1.19]
	at org.apache.tomcat.util.threads.TaskThread$WrappingRunnable.run(TaskThread.java:63) ~[tomcat-embed-core-10.1.19.jar:10.1.19]
	at java.base/java.lang.Thread.run(Thread.java:1583) ~[na:na]

